TN:
SF:src/router.ts
FN:26,(anonymous_0)
FN:40,(anonymous_1)
FNF:2
FNH:2
FNDA:4,(anonymous_0)
FNDA:5,(anonymous_1)
DA:1,2
DA:2,2
DA:3,2
DA:4,2
DA:7,2
DA:9,2
DA:11,2
DA:19,2
DA:26,4
DA:31,2
DA:40,5
DA:47,2
DA:55,2
DA:63,2
LF:14
LH:14
BRF:0
BRH:0
end_of_record
TN:
SF:src/server.ts
FN:13,(anonymous_1)
FN:32,(anonymous_2)
FNF:2
FNH:2
FNDA:3,(anonymous_1)
FNDA:1,(anonymous_2)
DA:1,2
DA:2,2
DA:3,2
DA:4,2
DA:7,2
DA:10,2
DA:13,2
DA:14,3
DA:16,3
DA:20,2
DA:23,1
DA:26,2
DA:29,2
DA:32,2
DA:33,1
DA:36,2
LF:16
LH:16
BRF:0
BRH:0
end_of_record
TN:
SF:src/config/db.ts
FNF:0
FNH:0
DA:1,2
DA:2,2
DA:5,2
DA:7,2
DA:12,2
LF:5
LH:5
BRF:0
BRH:0
end_of_record
TN:
SF:src/handlers/product.ts
FN:4,(anonymous_1)
FN:15,(anonymous_2)
FN:27,(anonymous_3)
FN:32,(anonymous_4)
FN:45,(anonymous_5)
FN:60,(anonymous_6)
FNF:6
FNH:6
FNDA:2,(anonymous_1)
FNDA:2,(anonymous_2)
FNDA:1,(anonymous_3)
FNDA:2,(anonymous_4)
FNDA:2,(anonymous_5)
FNDA:2,(anonymous_6)
DA:2,2
DA:4,2
DA:5,2
DA:12,2
DA:15,2
DA:16,2
DA:17,2
DA:19,2
DA:20,1
DA:21,1
DA:24,1
DA:27,2
DA:28,1
DA:29,1
DA:32,2
DA:33,2
DA:34,2
DA:36,2
DA:37,1
DA:38,1
DA:41,1
DA:42,1
DA:45,2
DA:46,2
DA:47,2
DA:49,2
DA:50,1
DA:51,1
DA:55,1
DA:56,1
DA:57,1
DA:60,2
DA:61,2
DA:62,2
DA:64,2
DA:65,1
DA:66,1
DA:69,1
DA:70,1
LF:39
LH:39
BRDA:19,0,0,1
BRDA:36,1,0,1
BRDA:49,2,0,1
BRDA:64,3,0,1
BRF:4
BRH:4
end_of_record
TN:
SF:src/middleware/index.ts
FN:5,(anonymous_0)
FNF:1
FNH:1
FNDA:18,(anonymous_0)
DA:2,2
DA:5,2
DA:7,18
DA:8,18
DA:9,9
DA:10,9
DA:13,9
LF:7
LH:7
BRDA:8,0,0,9
BRF:1
BRH:1
end_of_record
TN:
SF:src/models/Product.model.ts
FNF:0
FNH:0
DA:1,3
DA:7,3
DA:14,3
DA:19,3
DA:25,3
DA:28,3
LF:6
LH:6
BRF:0
BRH:0
end_of_record
